Using pre-set license
Built from '2020.2/staging' branch; Version is '2020.2.7f1 (c53830e277f1) revision 12924976'; Using compiler version '192528614'; Build Type 'Release'
OS: 'Windows 10 Home; OS build 22000.1335; Version 2009; 64bit' Language: 'en' Physical Memory: 16238 MB
BatchMode: 1, IsHumanControllingUs: 0, StartBugReporterOnCrash: 0, Is64bit: 1, IsPro: 0

 COMMAND LINE ARGUMENTS:
D:\uni\Unity\Editor\Unity.exe
-adb2
-batchMode
-noUpm
-name
AssetImportWorker0
-projectPath
D:/New_Example/2nd indie game
-logFile
Logs/AssetImportWorker0.log
-srvPort
51136
Successfully changed project path to: D:/New_Example/2nd indie game
D:/New_Example/2nd indie game
Using Asset Import Pipeline V2.
Refreshing native plugins compatible for Editor in 90.24 ms, found 1 plugins.
Preloading 0 native plugins for Editor in 0.00 ms.
Initialize engine version: 2020.2.7f1 (c53830e277f1)
[Subsystems] Discovering subsystems at path D:/uni/Unity/Editor/Data/Resources/UnitySubsystems
[Subsystems] Discovering subsystems at path D:/New_Example/2nd indie game/Assets
GfxDevice: creating device client; threaded=0
Direct3D:
    Version:  Direct3D 11.0 [level 11.1]
    Renderer: NVIDIA GeForce GTX 1050 Ti (ID=0x1c8c)
    Vendor:   
    VRAM:     4021 MB
    Driver:   31.0.15.2225
Initialize mono
Mono path[0] = 'D:/uni/Unity/Editor/Data/Managed'
Mono path[1] = 'D:/uni/Unity/Editor/Data/MonoBleedingEdge/lib/mono/unityjit'
Mono config path = 'D:/uni/Unity/Editor/Data/MonoBleedingEdge/etc'
Using monoOptions --debugger-agent=transport=dt_socket,embedding=1,server=y,suspend=n,address=127.0.0.1:56684
Begin MonoManager ReloadAssembly
Registering precompiled unity dll's ...
Register platform support module: D:/uni/Unity/Editor/Data/PlaybackEngines/WindowsStandaloneSupport/UnityEditor.WindowsStandalone.Extensions.dll
Registered in 0.164790 seconds.
Native extension for WindowsStandalone target not found
Refreshing native plugins compatible for Editor in 33.09 ms, found 1 plugins.
Preloading 0 native plugins for Editor in 0.00 ms.
Invoked RoslynAnalysisRunner static constructor.
RoslynAnalysisRunner will not be running.
RoslynAnalysisRunner has terminated.
Mono: successfully reloaded assembly
- Completed reload, in  4.763 seconds
Platform modules already initialized, skipping
Registering precompiled user dll's ...
Registered in 0.058796 seconds.
Begin MonoManager ReloadAssembly
Native extension for WindowsStandalone target not found
Refreshing native plugins compatible for Editor in 32.51 ms, found 1 plugins.
Preloading 0 native plugins for Editor in 0.00 ms.
Invoked RoslynAnalysisRunner static constructor.
RoslynAnalysisRunner will not be running.
RoslynAnalysisRunner has terminated.
Mono: successfully reloaded assembly
- Completed reload, in  3.961 seconds
Platform modules already initialized, skipping
========================================================================
Worker process is ready to serve import requests
Launched and connected shader compiler UnityShaderCompiler.exe after 0.05 seconds
Refreshing native plugins compatible for Editor in 0.35 ms, found 1 plugins.
Preloading 0 native plugins for Editor in 0.00 ms.
Unloading 1806 Unused Serialized files (Serialized files now loaded: 0)
System memory in use before: 84.5 MB.
System memory in use after: 84.5 MB.

Unloading 24 unused Assets to reduce memory usage. Loaded Objects now: 2248.
Total: 2.592400 ms (FindLiveObjects: 0.196500 ms CreateObjectMapping: 0.053900 ms MarkObjects: 2.189600 ms  DeleteObjects: 0.151600 ms)

========================================================================
Received Import Request.
  path: Assets
  artifactKey: Guid(00000000000000001000000000000000) Importer(815301076,1909f56bfc062723c751e8b465ee728b)
Start importing Assets using Guid(00000000000000001000000000000000) Importer(815301076,1909f56bfc062723c751e8b465ee728b)  -> (artifact id: 'f89434ac489deb914593f829e0a47671') in 0.007229 seconds
  Import took 0.009988 seconds .

========================================================================
Received Import Request.
  Time since last request: 150.195300 seconds.
  path: Assets/Sprite
  artifactKey: Guid(ae09971e6c52f9d4a9d564efa706bfe3) Importer(815301076,1909f56bfc062723c751e8b465ee728b)
Start importing Assets/Sprite using Guid(ae09971e6c52f9d4a9d564efa706bfe3) Importer(815301076,1909f56bfc062723c751e8b465ee728b)  -> (artifact id: 'd761719cab27f8f4fe3a78ede7438b1a') in 0.013780 seconds
  Import took 0.017701 seconds .

========================================================================
Received Import Request.
  Time since last request: 200.224026 seconds.
  path: Assets/Sprite/Clouds
  artifactKey: Guid(b32614254f0453b4981c696e53f51c74) Importer(815301076,1909f56bfc062723c751e8b465ee728b)
Start importing Assets/Sprite/Clouds using Guid(b32614254f0453b4981c696e53f51c74) Importer(815301076,1909f56bfc062723c751e8b465ee728b)  -> (artifact id: '59b477dc4f8c6ba4b36afb06ea02c6d6') in 0.010327 seconds
  Import took 0.013772 seconds .

========================================================================
Received Import Request.
  Time since last request: 0.927594 seconds.
  path: Assets/Sprite/Clouds/Clouds 1
  artifactKey: Guid(071009774ec653042b45410d9697fef0) Importer(815301076,1909f56bfc062723c751e8b465ee728b)
Start importing Assets/Sprite/Clouds/Clouds 1 using Guid(071009774ec653042b45410d9697fef0) Importer(815301076,1909f56bfc062723c751e8b465ee728b)  -> (artifact id: 'e5c1d41daa4d3ad6529009f40e516bf7') in 0.008589 seconds
  Import took 0.012228 seconds .

========================================================================
Received Import Request.
  Time since last request: 0.060114 seconds.
  path: Assets/Sprite/Clouds/Clouds 1/1.png
  artifactKey: Guid(d1516592903e8e140bae3c807885647c) Importer(815301076,1909f56bfc062723c751e8b465ee728b)
Start importing Assets/Sprite/Clouds/Clouds 1/1.png using Guid(d1516592903e8e140bae3c807885647c) Importer(815301076,1909f56bfc062723c751e8b465ee728b)  -> (artifact id: 'c8c2ce6b92fff0c366c4ff50419f2999') in 0.147903 seconds
  Import took 0.154399 seconds .

========================================================================
Received Import Request.
  Time since last request: 0.000327 seconds.
  path: Assets/Sprite/Clouds/Clouds 1/4.png
  artifactKey: Guid(7f0aa01ec4c072940ad79db214d14255) Importer(815301076,1909f56bfc062723c751e8b465ee728b)
Start importing Assets/Sprite/Clouds/Clouds 1/4.png using Guid(7f0aa01ec4c072940ad79db214d14255) Importer(815301076,1909f56bfc062723c751e8b465ee728b)  -> (artifact id: '28bb71a742496bdd9872edc23aed04cb') in 0.020348 seconds
  Import took 0.023518 seconds .

========================================================================
Received Import Request.
  Time since last request: 0.000361 seconds.
  path: Assets/Sprite/Clouds/Clouds 1/3.png
  artifactKey: Guid(b14333cb3760f5f40ac7be1d5bb13a6c) Importer(815301076,1909f56bfc062723c751e8b465ee728b)
Start importing Assets/Sprite/Clouds/Clouds 1/3.png using Guid(b14333cb3760f5f40ac7be1d5bb13a6c) Importer(815301076,1909f56bfc062723c751e8b465ee728b)  -> (artifact id: '882bf261ba41c27244f91684534194e4') in 0.024000 seconds
  Import took 0.031198 seconds .

========================================================================
Received Import Request.
  Time since last request: 0.001155 seconds.
  path: Assets/Sprite/Clouds/Clouds 1/2.png
  artifactKey: Guid(352feecba89ada945af9d155bbfb6c69) Importer(815301076,1909f56bfc062723c751e8b465ee728b)
Start importing Assets/Sprite/Clouds/Clouds 1/2.png using Guid(352feecba89ada945af9d155bbfb6c69) Importer(815301076,1909f56bfc062723c751e8b465ee728b)  -> (artifact id: '3926b24ee7b28e9ba435cf6a12bee13d') in 0.022420 seconds
  Import took 0.029170 seconds .

========================================================================
Received Import Request.
  Time since last request: 9.741767 seconds.
  path: Assets/Sprite/PSD/Clouds 1.psd
  artifactKey: Guid(aad7d8a9443576b4fb45a991df711f31) Importer(815301076,1909f56bfc062723c751e8b465ee728b)
Start importing Assets/Sprite/PSD/Clouds 1.psd using Guid(aad7d8a9443576b4fb45a991df711f31) Importer(815301076,1909f56bfc062723c751e8b465ee728b)  -> (artifact id: '753dff7c99b11efb0ef39a5c2423fd71') in 0.019674 seconds
  Import took 0.023187 seconds .

========================================================================
Received Import Request.
  Time since last request: 0.000297 seconds.
  path: Assets/Sprite/PSD/Clouds 5.psd
  artifactKey: Guid(b5f88ac8dc4025a4a80044c79fec9bbd) Importer(815301076,1909f56bfc062723c751e8b465ee728b)
Start importing Assets/Sprite/PSD/Clouds 5.psd using Guid(b5f88ac8dc4025a4a80044c79fec9bbd) Importer(815301076,1909f56bfc062723c751e8b465ee728b)  -> (artifact id: '1af7224718465944d7032851db3b4bc5') in 0.024310 seconds
  Import took 0.030933 seconds .

========================================================================
Received Import Request.
  Time since last request: 0.000932 seconds.
  path: Assets/Sprite/PSD/Clouds 4.psd
  artifactKey: Guid(dc90504d23218eb4f8bd8a7692ad81e0) Importer(815301076,1909f56bfc062723c751e8b465ee728b)
Start importing Assets/Sprite/PSD/Clouds 4.psd using Guid(dc90504d23218eb4f8bd8a7692ad81e0) Importer(815301076,1909f56bfc062723c751e8b465ee728b)  -> (artifact id: '6988ee93151ebdaf922526416effbdc3') in 0.027285 seconds
  Import took 0.036595 seconds .

========================================================================
Received Import Request.
  Time since last request: 0.000552 seconds.
  path: Assets/Sprite/PSD/Clouds 6.psd
  artifactKey: Guid(ca9ceeaf925bd9a4c9573eecb3dbbfb1) Importer(815301076,1909f56bfc062723c751e8b465ee728b)
Start importing Assets/Sprite/PSD/Clouds 6.psd using Guid(ca9ceeaf925bd9a4c9573eecb3dbbfb1) Importer(815301076,1909f56bfc062723c751e8b465ee728b)  -> (artifact id: '50aca66819312ba19dbf9315da7fa0af') in 0.023094 seconds
  Import took 0.032835 seconds .

========================================================================
Received Import Request.
  Time since last request: 0.000607 seconds.
  path: Assets/Sprite/PSD/Clouds 3.psd
  artifactKey: Guid(25342ecd4a9c58247a9050df37b48dbe) Importer(815301076,1909f56bfc062723c751e8b465ee728b)
Start importing Assets/Sprite/PSD/Clouds 3.psd using Guid(25342ecd4a9c58247a9050df37b48dbe) Importer(815301076,1909f56bfc062723c751e8b465ee728b)  -> (artifact id: 'db64f44f06be21fcf7ba2e85e1fd79da') in 0.036328 seconds
  Import took 0.043016 seconds .

========================================================================
Received Import Request.
  Time since last request: 0.000417 seconds.
  path: Assets/Sprite/PSD/Clouds 2.psd
  artifactKey: Guid(c227f8b26bff6074e9177efd163cc4b5) Importer(815301076,1909f56bfc062723c751e8b465ee728b)
Start importing Assets/Sprite/PSD/Clouds 2.psd using Guid(c227f8b26bff6074e9177efd163cc4b5) Importer(815301076,1909f56bfc062723c751e8b465ee728b)  -> (artifact id: 'a0b822c92cfefe492afc9cb9dec49d7e') in 0.027441 seconds
  Import took 0.030933 seconds .

========================================================================
Received Import Request.
  Time since last request: 0.000873 seconds.
  path: Assets/Sprite/PSD/Clouds 8.psd
  artifactKey: Guid(02753532c221dc04c99bde0b33fcbeed) Importer(815301076,1909f56bfc062723c751e8b465ee728b)
Start importing Assets/Sprite/PSD/Clouds 8.psd using Guid(02753532c221dc04c99bde0b33fcbeed) Importer(815301076,1909f56bfc062723c751e8b465ee728b)  -> (artifact id: 'dac50428523491b164ab11a28c595be8') in 0.024927 seconds
  Import took 0.029485 seconds .

========================================================================
Received Import Request.
  Time since last request: 0.001111 seconds.
  path: Assets/Sprite/PSD/Clouds 7.psd
  artifactKey: Guid(b2dacf26fa728f748b3bd23d7ad1b3ca) Importer(815301076,1909f56bfc062723c751e8b465ee728b)
Start importing Assets/Sprite/PSD/Clouds 7.psd using Guid(b2dacf26fa728f748b3bd23d7ad1b3ca) Importer(815301076,1909f56bfc062723c751e8b465ee728b)  -> (artifact id: '04733c0fe7f521b03849dca59508e30c') in 0.031616 seconds
  Import took 0.041586 seconds .

========================================================================
Received Import Request.
  Time since last request: 4423.121028 seconds.
  path: Assets/Sprite/Platform.asset
  artifactKey: Guid(baa4fe0ee08fda34d81314f7fffb937d) Importer(815301076,1909f56bfc062723c751e8b465ee728b)
Start importing Assets/Sprite/Platform.asset using Guid(baa4fe0ee08fda34d81314f7fffb937d) Importer(815301076,1909f56bfc062723c751e8b465ee728b)  -> (artifact id: '0cf8e2ca075907216ca496dc8799c924') in 0.131404 seconds
  Import took 0.140688 seconds .

========================================================================
Received Import Request.
  Time since last request: 533.304176 seconds.
  path: Assets/Sprite/CastleWall.psd
  artifactKey: Guid(a8321f6fae34f034787010a903e29648) Importer(815301076,1909f56bfc062723c751e8b465ee728b)
Start importing Assets/Sprite/CastleWall.psd using Guid(a8321f6fae34f034787010a903e29648) Importer(815301076,1909f56bfc062723c751e8b465ee728b)  -> (artifact id: '18b08df97b800477a5a642c306ca7a67') in 0.089092 seconds
  Import took 0.093352 seconds .

========================================================================
Received Import Request.
  Time since last request: 24.722942 seconds.
  path: Assets/Sprite/CastleWallFill.psd
  artifactKey: Guid(5c116bf173a431147a87d2c89e0e6907) Importer(815301076,1909f56bfc062723c751e8b465ee728b)
Start importing Assets/Sprite/CastleWallFill.psd using Guid(5c116bf173a431147a87d2c89e0e6907) Importer(815301076,1909f56bfc062723c751e8b465ee728b)  -> (artifact id: 'b914c63c72bde9114da0b2e4700a2f33') in 0.028761 seconds
  Import took 0.033247 seconds .

========================================================================
Received Import Request.
  Time since last request: 33.859746 seconds.
  path: Assets/Sprite/132
  artifactKey: Guid(0725aa8e6d30c0e4d945c5a06082ea82) Importer(815301076,1909f56bfc062723c751e8b465ee728b)
Start importing Assets/Sprite/132 using Guid(0725aa8e6d30c0e4d945c5a06082ea82) Importer(815301076,1909f56bfc062723c751e8b465ee728b)  -> (artifact id: '017b32f88751708d0d36975f89f39402') in 0.009689 seconds
  Import took 0.014932 seconds .

========================================================================
Received Import Request.
  Time since last request: 0.061864 seconds.
  path: Assets/Sprite/132/border.png
  artifactKey: Guid(c604d7fdc6d0b924e835e0a52a6b29cf) Importer(815301076,1909f56bfc062723c751e8b465ee728b)
Start importing Assets/Sprite/132/border.png using Guid(c604d7fdc6d0b924e835e0a52a6b29cf) Importer(815301076,1909f56bfc062723c751e8b465ee728b)  -> (artifact id: '52240efbcfe99b50b6604b05ce7162e3') in 0.015419 seconds
  Import took 0.020702 seconds .

========================================================================
Received Import Request.
  Time since last request: 4.266586 seconds.
  path: Assets/Sprite/132/FillGrads
  artifactKey: Guid(5729271841ea044478694b93095b1686) Importer(815301076,1909f56bfc062723c751e8b465ee728b)
Start importing Assets/Sprite/132/FillGrads using Guid(5729271841ea044478694b93095b1686) Importer(815301076,1909f56bfc062723c751e8b465ee728b)  -> (artifact id: 'c6769ad816055b894d01e3649c982c72') in 0.007941 seconds
  Import took 0.014290 seconds .

========================================================================
Received Import Request.
  Time since last request: 0.493505 seconds.
  path: Assets/Sprite/132/FillGrads/BgFill01.png
  artifactKey: Guid(9a3ffaa7768290d46be7c2a1f3ed71b1) Importer(815301076,1909f56bfc062723c751e8b465ee728b)
Start importing Assets/Sprite/132/FillGrads/BgFill01.png using Guid(9a3ffaa7768290d46be7c2a1f3ed71b1) Importer(815301076,1909f56bfc062723c751e8b465ee728b)  -> (artifact id: 'b92d5c0d0adb80a81d212426fd921a2f') in 0.024564 seconds
  Import took 0.028451 seconds .

========================================================================
Received Import Request.
  Time since last request: 0.000440 seconds.
  path: Assets/Sprite/132/FillGrads/BlackFill.png
  artifactKey: Guid(02512186bae4094478fc9a483370def4) Importer(815301076,1909f56bfc062723c751e8b465ee728b)
Start importing Assets/Sprite/132/FillGrads/BlackFill.png using Guid(02512186bae4094478fc9a483370def4) Importer(815301076,1909f56bfc062723c751e8b465ee728b)  -> (artifact id: 'd8538aa32b22106ce6ae69a2c6dac449') in 0.011538 seconds
  Import took 0.014860 seconds .

========================================================================
Received Import Request.
  Time since last request: 0.000422 seconds.
  path: Assets/Sprite/132/FillGrads/PurpleDarkFill.png
  artifactKey: Guid(6a265a752dddc2d46ba12c29885c724d) Importer(815301076,1909f56bfc062723c751e8b465ee728b)
Start importing Assets/Sprite/132/FillGrads/PurpleDarkFill.png using Guid(6a265a752dddc2d46ba12c29885c724d) Importer(815301076,1909f56bfc062723c751e8b465ee728b)  -> (artifact id: '19afb5691a8fa941115a2bf71cfd9da6') in 0.028669 seconds
  Import took 0.033210 seconds .

========================================================================
Received Import Request.
  Time since last request: 0.000512 seconds.
  path: Assets/Sprite/132/FillGrads/PurpleFadeLightFill.png
  artifactKey: Guid(ba13b4372f44d9f42adf62990983caf6) Importer(815301076,1909f56bfc062723c751e8b465ee728b)
Start importing Assets/Sprite/132/FillGrads/PurpleFadeLightFill.png using Guid(ba13b4372f44d9f42adf62990983caf6) Importer(815301076,1909f56bfc062723c751e8b465ee728b)  -> (artifact id: 'b0ad59709bbdc744fd3abd9c0e591cd3') in 0.025014 seconds
  Import took 0.029978 seconds .

========================================================================
Received Import Request.
  Time since last request: 0.000331 seconds.
  path: Assets/Sprite/132/FillGrads/PurpleStrip.png
  artifactKey: Guid(74750f1f8f6acf641ab39b8d1c0b726f) Importer(815301076,1909f56bfc062723c751e8b465ee728b)
Start importing Assets/Sprite/132/FillGrads/PurpleStrip.png using Guid(74750f1f8f6acf641ab39b8d1c0b726f) Importer(815301076,1909f56bfc062723c751e8b465ee728b)  -> (artifact id: '6472a2fe02ea2e702d59d71012e100e9') in 0.036492 seconds
  Import took 0.040621 seconds .

========================================================================
Received Import Request.
  Time since last request: 0.000351 seconds.
  path: Assets/Sprite/132/FillGrads/BgFill02.png
  artifactKey: Guid(e4532e65160c84743937ecacf46ce532) Importer(815301076,1909f56bfc062723c751e8b465ee728b)
Start importing Assets/Sprite/132/FillGrads/BgFill02.png using Guid(e4532e65160c84743937ecacf46ce532) Importer(815301076,1909f56bfc062723c751e8b465ee728b)  -> (artifact id: 'e85df33d6e03f7b2ee85ac5700500d47') in 0.024661 seconds
  Import took 0.029135 seconds .

========================================================================
Received Import Request.
  Time since last request: 0.000342 seconds.
  path: Assets/Sprite/132/FillGrads/PurpleLightFill.png
  artifactKey: Guid(f1dc01e8922e5c74ba50bdfbc70966fd) Importer(815301076,1909f56bfc062723c751e8b465ee728b)
Start importing Assets/Sprite/132/FillGrads/PurpleLightFill.png using Guid(f1dc01e8922e5c74ba50bdfbc70966fd) Importer(815301076,1909f56bfc062723c751e8b465ee728b)  -> (artifact id: '54299b0011b6ef29f7a0f222de0cf3d9') in 0.030457 seconds
  Import took 0.034155 seconds .

========================================================================
Received Import Request.
  Time since last request: 0.000585 seconds.
  path: Assets/Sprite/132/FillGrads/BlackSoftEdge.png
  artifactKey: Guid(a9043da76db776c4e83d2f090a993820) Importer(815301076,1909f56bfc062723c751e8b465ee728b)
Start importing Assets/Sprite/132/FillGrads/BlackSoftEdge.png using Guid(a9043da76db776c4e83d2f090a993820) Importer(815301076,1909f56bfc062723c751e8b465ee728b)  -> (artifact id: '57e24813e90d12954344185b68d97043') in 0.032962 seconds
  Import took 0.037499 seconds .

========================================================================
Received Import Request.
  Time since last request: 0.000821 seconds.
  path: Assets/Sprite/132/FillGrads/PurpleFadeDarkFill.png
  artifactKey: Guid(b4a7889499d5749468e0a6efc15fd261) Importer(815301076,1909f56bfc062723c751e8b465ee728b)
Start importing Assets/Sprite/132/FillGrads/PurpleFadeDarkFill.png using Guid(b4a7889499d5749468e0a6efc15fd261) Importer(815301076,1909f56bfc062723c751e8b465ee728b)  -> (artifact id: '4e850ea718e77e7e3af1a9866cd4a9a3') in 0.023697 seconds
  Import took 0.030388 seconds .

========================================================================
Received Import Request.
  Time since last request: 0.000371 seconds.
  path: Assets/Sprite/132/FillGrads/PurpleLight2.png
  artifactKey: Guid(d752dea057755734babbf1f469043202) Importer(815301076,1909f56bfc062723c751e8b465ee728b)
Start importing Assets/Sprite/132/FillGrads/PurpleLight2.png using Guid(d752dea057755734babbf1f469043202) Importer(815301076,1909f56bfc062723c751e8b465ee728b)  -> (artifact id: 'e4048bddcc02816b49c3487259316ad3') in 0.032057 seconds
  Import took 0.036742 seconds .

========================================================================
Received Import Request.
  Time since last request: 0.000341 seconds.
  path: Assets/Sprite/132/FillGrads/PurpleStrip_Source.psd
  artifactKey: Guid(68ca27009727b6a439f115aa5afe574c) Importer(815301076,1909f56bfc062723c751e8b465ee728b)
Start importing Assets/Sprite/132/FillGrads/PurpleStrip_Source.psd using Guid(68ca27009727b6a439f115aa5afe574c) Importer(815301076,1909f56bfc062723c751e8b465ee728b)  -> (artifact id: '113ae9acc411a48e059b0f7bc0ec287f') in 0.025227 seconds
  Import took 0.028671 seconds .

========================================================================
Received Import Request.
  Time since last request: 0.000350 seconds.
  path: Assets/Sprite/132/FillGrads/PurpleFill.png
  artifactKey: Guid(98076585f05634a4a846e19cce3bc778) Importer(815301076,1909f56bfc062723c751e8b465ee728b)
Start importing Assets/Sprite/132/FillGrads/PurpleFill.png using Guid(98076585f05634a4a846e19cce3bc778) Importer(815301076,1909f56bfc062723c751e8b465ee728b)  -> (artifact id: 'f2def50f4bbf6b0eae8151f26f938ee7') in 0.023781 seconds
  Import took 0.026971 seconds .

========================================================================
Received Import Request.
  Time since last request: 0.000310 seconds.
  path: Assets/Sprite/132/FillGrads/PurpleStrip2.png
  artifactKey: Guid(37f2f7844db5a9e4399cc896d0af0df5) Importer(815301076,1909f56bfc062723c751e8b465ee728b)
Start importing Assets/Sprite/132/FillGrads/PurpleStrip2.png using Guid(37f2f7844db5a9e4399cc896d0af0df5) Importer(815301076,1909f56bfc062723c751e8b465ee728b)  -> (artifact id: '5a39a73eb4bb56cc1f412047bef2d97a') in 0.039121 seconds
  Import took 0.042232 seconds .

========================================================================
Received Prepare
Registering precompiled user dll's ...
Registered in 0.099886 seconds.
Begin MonoManager ReloadAssembly
Native extension for WindowsStandalone target not found
Refreshing native plugins compatible for Editor in 0.36 ms, found 1 plugins.
Preloading 0 native plugins for Editor in 0.00 ms.
Invoked RoslynAnalysisRunner static constructor.
RoslynAnalysisRunner will not be running.
RoslynAnalysisRunner has terminated.
Mono: successfully reloaded assembly
- Completed reload, in  1.009 seconds
Platform modules already initialized, skipping
Refreshing native plugins compatible for Editor in 0.37 ms, found 1 plugins.
Preloading 0 native plugins for Editor in 0.00 ms.
Unloading 1807 Unused Serialized files (Serialized files now loaded: 0)
System memory in use before: 88.0 MB.
System memory in use after: 87.9 MB.

Unloading 12 unused Assets to reduce memory usage. Loaded Objects now: 2284.
Total: 2.633800 ms (FindLiveObjects: 0.267700 ms CreateObjectMapping: 0.061500 ms MarkObjects: 2.170100 ms  DeleteObjects: 0.133600 ms)

========================================================================
Received Import Request.
  Time since last request: 63.962445 seconds.
  path: Assets/Sprite/321/ConformingSpline.cs
  artifactKey: Guid(db6f6067a1e6dd34ca4e2c4b7145e79b) Importer(815301076,1909f56bfc062723c751e8b465ee728b)
Start importing Assets/Sprite/321/ConformingSpline.cs using Guid(db6f6067a1e6dd34ca4e2c4b7145e79b) Importer(815301076,1909f56bfc062723c751e8b465ee728b)  -> (artifact id: '7bc6d1db57452670376c9cca47a066af') in 0.019131 seconds
  Import took 0.022259 seconds .

========================================================================
Received Import Request.
  Time since last request: 0.000495 seconds.
  path: Assets/Sprite/321
  artifactKey: Guid(94c6d563855555041b9446bb05f11bc0) Importer(815301076,1909f56bfc062723c751e8b465ee728b)
Start importing Assets/Sprite/321 using Guid(94c6d563855555041b9446bb05f11bc0) Importer(815301076,1909f56bfc062723c751e8b465ee728b)  -> (artifact id: '5158891abac3e7cdbf7dd8024673601b') in 0.037591 seconds
  Import took 0.041731 seconds .

========================================================================
Received Import Request.
  Time since last request: 921.485973 seconds.
  path: Assets/Sprite/Clouds/Clouds 2
  artifactKey: Guid(f95c9fca60d48164687d4b1a0591e785) Importer(815301076,1909f56bfc062723c751e8b465ee728b)
Start importing Assets/Sprite/Clouds/Clouds 2 using Guid(f95c9fca60d48164687d4b1a0591e785) Importer(815301076,1909f56bfc062723c751e8b465ee728b)  -> (artifact id: '3f9d6896f2504c562d4c86e61d044862') in 0.009268 seconds
  Import took 0.013092 seconds .

========================================================================
Received Import Request.
  Time since last request: 0.067470 seconds.
  path: Assets/Sprite/Clouds/Clouds 2/1.png
  artifactKey: Guid(526f7d6cb8f9b51418ca5976ecb4d6a0) Importer(815301076,1909f56bfc062723c751e8b465ee728b)
Start importing Assets/Sprite/Clouds/Clouds 2/1.png using Guid(526f7d6cb8f9b51418ca5976ecb4d6a0) Importer(815301076,1909f56bfc062723c751e8b465ee728b)  -> (artifact id: '6d5d873a7d00609181f4c95c7472793b') in 2.053225 seconds
  Import took 2.058239 seconds .

========================================================================
Received Import Request.
  Time since last request: 0.000309 seconds.
  path: Assets/Sprite/Clouds/Clouds 2/3.png
  artifactKey: Guid(63614f0b8a97ada4cbf56faea810e154) Importer(815301076,1909f56bfc062723c751e8b465ee728b)
Start importing Assets/Sprite/Clouds/Clouds 2/3.png using Guid(63614f0b8a97ada4cbf56faea810e154) Importer(815301076,1909f56bfc062723c751e8b465ee728b)  -> (artifact id: 'e27d39d677bbfb270fb5c2bf237b4626') in 0.220991 seconds
  Import took 0.223862 seconds .

========================================================================
Received Import Request.
  Time since last request: 0.000311 seconds.
  path: Assets/Sprite/Clouds/Clouds 2/2.png
  artifactKey: Guid(7d9fc76ff435041478c99d6a15ac66d7) Importer(815301076,1909f56bfc062723c751e8b465ee728b)
Start importing Assets/Sprite/Clouds/Clouds 2/2.png using Guid(7d9fc76ff435041478c99d6a15ac66d7) Importer(815301076,1909f56bfc062723c751e8b465ee728b)  -> (artifact id: '5816d0d5d04f871ffaaa13308e9d30c9') in 0.142005 seconds
  Import took 0.145216 seconds .

========================================================================
Received Import Request.
  Time since last request: 0.000422 seconds.
  path: Assets/Sprite/Clouds/Clouds 2/4.png
  artifactKey: Guid(404b6bffa32e1e545ade82ba78362938) Importer(815301076,1909f56bfc062723c751e8b465ee728b)
Start importing Assets/Sprite/Clouds/Clouds 2/4.png using Guid(404b6bffa32e1e545ade82ba78362938) Importer(815301076,1909f56bfc062723c751e8b465ee728b)  -> (artifact id: 'e434cb91e6a1e0a50a025611933ba787') in 0.122191 seconds
  Import took 0.126079 seconds .

========================================================================
Received Import Request.
  Time since last request: 8.744911 seconds.
  path: Assets/Sprite/PSD
  artifactKey: Guid(1b92f8f17a8be2c4bac52da6413d244b) Importer(815301076,1909f56bfc062723c751e8b465ee728b)
Start importing Assets/Sprite/PSD using Guid(1b92f8f17a8be2c4bac52da6413d244b) Importer(815301076,1909f56bfc062723c751e8b465ee728b)  -> (artifact id: '4a4457c9f5e61d38bba8460a446c54f6') in 0.008455 seconds
  Import took 0.013140 seconds .

========================================================================
Received Import Request.
  Time since last request: 2261.813715 seconds.
  path: Assets/Sprite/Scripts
  artifactKey: Guid(4658a12d3daf4be4e86aa5e629426247) Importer(815301076,1909f56bfc062723c751e8b465ee728b)
Start importing Assets/Sprite/Scripts using Guid(4658a12d3daf4be4e86aa5e629426247) Importer(815301076,1909f56bfc062723c751e8b465ee728b)  -> (artifact id: '879934417e07ea1cd3e02f6a0306614f') in 0.014503 seconds
  Import took 0.019703 seconds .

========================================================================
Received Import Request.
  Time since last request: 16.299745 seconds.
  path: Assets/Sprite/Scripts/Background.cs
  artifactKey: Guid(85a5da22340d46d43a258978184a3175) Importer(815301076,1909f56bfc062723c751e8b465ee728b)
Start importing Assets/Sprite/Scripts/Background.cs using Guid(85a5da22340d46d43a258978184a3175) Importer(815301076,1909f56bfc062723c751e8b465ee728b)  -> (artifact id: '5e4e55eafae4aecda5c924f13b3116ac') in 0.009783 seconds
  Import took 0.015219 seconds .

========================================================================
Received Prepare
Registering precompiled user dll's ...
Registered in 0.000990 seconds.
Begin MonoManager ReloadAssembly
Native extension for WindowsStandalone target not found
Refreshing native plugins compatible for Editor in 0.36 ms, found 1 plugins.
Preloading 0 native plugins for Editor in 0.00 ms.
Invoked RoslynAnalysisRunner static constructor.
RoslynAnalysisRunner will not be running.
RoslynAnalysisRunner has terminated.
Mono: successfully reloaded assembly
- Completed reload, in  0.986 seconds
Platform modules already initialized, skipping
Refreshing native plugins compatible for Editor in 0.33 ms, found 1 plugins.
Preloading 0 native plugins for Editor in 0.00 ms.
Unloading 1808 Unused Serialized files (Serialized files now loaded: 0)
System memory in use before: 88.1 MB.
System memory in use after: 88.0 MB.

Unloading 12 unused Assets to reduce memory usage. Loaded Objects now: 2290.
Total: 2.147300 ms (FindLiveObjects: 0.222700 ms CreateObjectMapping: 0.054500 ms MarkObjects: 1.748400 ms  DeleteObjects: 0.121100 ms)

========================================================================
Received Prepare
Registering precompiled user dll's ...
Registered in 0.001192 seconds.
Begin MonoManager ReloadAssembly
Native extension for WindowsStandalone target not found
Refreshing native plugins compatible for Editor in 0.36 ms, found 1 plugins.
Preloading 0 native plugins for Editor in 0.00 ms.
Invoked RoslynAnalysisRunner static constructor.
RoslynAnalysisRunner will not be running.
RoslynAnalysisRunner has terminated.
Mono: successfully reloaded assembly
- Completed reload, in  0.881 seconds
Platform modules already initialized, skipping
Refreshing native plugins compatible for Editor in 0.37 ms, found 1 plugins.
Preloading 0 native plugins for Editor in 0.00 ms.
Unloading 1808 Unused Serialized files (Serialized files now loaded: 0)
System memory in use before: 88.1 MB.
System memory in use after: 88.1 MB.

Unloading 12 unused Assets to reduce memory usage. Loaded Objects now: 2294.
Total: 3.887800 ms (FindLiveObjects: 0.290400 ms CreateObjectMapping: 0.139700 ms MarkObjects: 3.319100 ms  DeleteObjects: 0.135300 ms)

========================================================================
Received Import Request.
  Time since last request: 122.056937 seconds.
  path: Assets/Sprite/Scripts/Background.cs
  artifactKey: Guid(85a5da22340d46d43a258978184a3175) Importer(815301076,1909f56bfc062723c751e8b465ee728b)
Start importing Assets/Sprite/Scripts/Background.cs using Guid(85a5da22340d46d43a258978184a3175) Importer(815301076,1909f56bfc062723c751e8b465ee728b)  -> (artifact id: 'a26eb7706c3d39fde3d43f51fd42f312') in 0.005935 seconds
  Import took 0.009092 seconds .

========================================================================
Received Import Request.
  Time since last request: 0.017634 seconds.
  path: Assets/Sprite/Scripts/Background.cs
  artifactKey: Guid(85a5da22340d46d43a258978184a3175) Importer(815301076,1909f56bfc062723c751e8b465ee728b)
Start importing Assets/Sprite/Scripts/Background.cs using Guid(85a5da22340d46d43a258978184a3175) Importer(815301076,1909f56bfc062723c751e8b465ee728b)  -> (artifact id: 'a26eb7706c3d39fde3d43f51fd42f312') in 0.003230 seconds
  Import took 0.006412 seconds .

========================================================================
Received Prepare
Registering precompiled user dll's ...
Registered in 0.004242 seconds.
Begin MonoManager ReloadAssembly
Native extension for WindowsStandalone target not found
Refreshing native plugins compatible for Editor in 0.38 ms, found 1 plugins.
Preloading 0 native plugins for Editor in 0.00 ms.
Invoked RoslynAnalysisRunner static constructor.
RoslynAnalysisRunner will not be running.
RoslynAnalysisRunner has terminated.
Mono: successfully reloaded assembly
- Completed reload, in  0.937 seconds
Platform modules already initialized, skipping
Refreshing native plugins compatible for Editor in 0.44 ms, found 1 plugins.
Preloading 0 native plugins for Editor in 0.00 ms.
Unloading 1808 Unused Serialized files (Serialized files now loaded: 0)
System memory in use before: 88.1 MB.
System memory in use after: 88.1 MB.

Unloading 12 unused Assets to reduce memory usage. Loaded Objects now: 2298.
Total: 4.801600 ms (FindLiveObjects: 0.432400 ms CreateObjectMapping: 0.162400 ms MarkObjects: 4.020100 ms  DeleteObjects: 0.185200 ms)

========================================================================
Received Prepare
Registering precompiled user dll's ...
Registered in 0.001517 seconds.
Begin MonoManager ReloadAssembly
Native extension for WindowsStandalone target not found
Refreshing native plugins compatible for Editor in 0.37 ms, found 1 plugins.
Preloading 0 native plugins for Editor in 0.00 ms.
Invoked RoslynAnalysisRunner static constructor.
RoslynAnalysisRunner will not be running.
RoslynAnalysisRunner has terminated.
Mono: successfully reloaded assembly
- Completed reload, in  0.892 seconds
Platform modules already initialized, skipping
Refreshing native plugins compatible for Editor in 0.38 ms, found 1 plugins.
Preloading 0 native plugins for Editor in 0.00 ms.
Unloading 1808 Unused Serialized files (Serialized files now loaded: 0)
System memory in use before: 88.1 MB.
System memory in use after: 88.1 MB.

Unloading 12 unused Assets to reduce memory usage. Loaded Objects now: 2302.
Total: 3.069500 ms (FindLiveObjects: 0.393700 ms CreateObjectMapping: 0.150100 ms MarkObjects: 2.369000 ms  DeleteObjects: 0.155800 ms)

========================================================================
Received Prepare
Registering precompiled user dll's ...
Registered in 0.001876 seconds.
Begin MonoManager ReloadAssembly
Native extension for WindowsStandalone target not found
Refreshing native plugins compatible for Editor in 0.36 ms, found 1 plugins.
Preloading 0 native plugins for Editor in 0.00 ms.
Invoked RoslynAnalysisRunner static constructor.
RoslynAnalysisRunner will not be running.
RoslynAnalysisRunner has terminated.
Mono: successfully reloaded assembly
- Completed reload, in  0.917 seconds
Platform modules already initialized, skipping
Refreshing native plugins compatible for Editor in 0.52 ms, found 1 plugins.
Preloading 0 native plugins for Editor in 0.00 ms.
Unloading 1808 Unused Serialized files (Serialized files now loaded: 0)
System memory in use before: 88.1 MB.
System memory in use after: 88.1 MB.

Unloading 12 unused Assets to reduce memory usage. Loaded Objects now: 2306.
Total: 2.553400 ms (FindLiveObjects: 0.345100 ms CreateObjectMapping: 0.087900 ms MarkObjects: 1.978600 ms  DeleteObjects: 0.140900 ms)

========================================================================
Received Prepare
Registering precompiled user dll's ...
Registered in 0.001008 seconds.
Begin MonoManager ReloadAssembly
Native extension for WindowsStandalone target not found
Refreshing native plugins compatible for Editor in 0.34 ms, found 1 plugins.
Preloading 0 native plugins for Editor in 0.00 ms.
Invoked RoslynAnalysisRunner static constructor.
RoslynAnalysisRunner will not be running.
RoslynAnalysisRunner has terminated.
Mono: successfully reloaded assembly
- Completed reload, in  0.898 seconds
Platform modules already initialized, skipping
Refreshing native plugins compatible for Editor in 0.38 ms, found 1 plugins.
Preloading 0 native plugins for Editor in 0.00 ms.
Unloading 1808 Unused Serialized files (Serialized files now loaded: 0)
System memory in use before: 88.1 MB.
System memory in use after: 88.1 MB.

Unloading 12 unused Assets to reduce memory usage. Loaded Objects now: 2310.
Total: 2.927500 ms (FindLiveObjects: 0.346900 ms CreateObjectMapping: 0.098300 ms MarkObjects: 2.275000 ms  DeleteObjects: 0.206300 ms)

========================================================================
Received Prepare
Registering precompiled user dll's ...
Registered in 0.001553 seconds.
Begin MonoManager ReloadAssembly
Native extension for WindowsStandalone target not found
Refreshing native plugins compatible for Editor in 0.37 ms, found 1 plugins.
Preloading 0 native plugins for Editor in 0.00 ms.
Invoked RoslynAnalysisRunner static constructor.
RoslynAnalysisRunner will not be running.
RoslynAnalysisRunner has terminated.
Mono: successfully reloaded assembly
- Completed reload, in  0.887 seconds
Platform modules already initialized, skipping
Refreshing native plugins compatible for Editor in 0.37 ms, found 1 plugins.
Preloading 0 native plugins for Editor in 0.00 ms.
Unloading 1808 Unused Serialized files (Serialized files now loaded: 0)
System memory in use before: 88.1 MB.
System memory in use after: 88.1 MB.

Unloading 12 unused Assets to reduce memory usage. Loaded Objects now: 2314.
Total: 2.383100 ms (FindLiveObjects: 0.372500 ms CreateObjectMapping: 0.067400 ms MarkObjects: 1.755400 ms  DeleteObjects: 0.186800 ms)

========================================================================
Received Prepare
Registering precompiled user dll's ...
Registered in 0.001044 seconds.
Begin MonoManager ReloadAssembly
Native extension for WindowsStandalone target not found
Refreshing native plugins compatible for Editor in 0.36 ms, found 1 plugins.
Preloading 0 native plugins for Editor in 0.00 ms.
Invoked RoslynAnalysisRunner static constructor.
RoslynAnalysisRunner will not be running.
RoslynAnalysisRunner has terminated.
Mono: successfully reloaded assembly
- Completed reload, in  0.865 seconds
Platform modules already initialized, skipping
Refreshing native plugins compatible for Editor in 0.36 ms, found 1 plugins.
Preloading 0 native plugins for Editor in 0.00 ms.
Unloading 1808 Unused Serialized files (Serialized files now loaded: 0)
System memory in use before: 88.1 MB.
System memory in use after: 88.1 MB.

Unloading 12 unused Assets to reduce memory usage. Loaded Objects now: 2318.
Total: 2.784600 ms (FindLiveObjects: 0.311300 ms CreateObjectMapping: 0.169200 ms MarkObjects: 2.129200 ms  DeleteObjects: 0.173400 ms)

AssetImportWorkerClient::OnTransportError - code=2 error=End of file
